make all --print-data-base --no-builtin-variables --no-builtin-rules --question
# GNU Make 4.2.1
 
# Built for x86_64-pc-linux-gnu
 
# Copyright (C) 1988-2016 Free Software Foundation, Inc.
 
# License GPLv3+: GNU GPL version 3 or later <http://gnu.org/licenses/gpl.html>
 
# This is free software: you are free to change and redistribute it.
 
# There is NO WARRANTY, to the extent permitted by law.
 

 
# Make data base, printed on Sun May 15 21:01:07 2022
 

# Variables
 

 
# 'override' directive
 
GNUMAKEFLAGS := 
 
# automatic
 
<D = $(patsubst %/,%,$(dir $<))
 
# automatic
 
?F = $(notdir $?)
 
# environment
 
PAPERSIZE = a4
 
# environment
 
DESKTOP_SESSION = ubuntu
 
# default
 
.SHELLFLAGS := -c
 
# environment
 
XDG_SESSION_CLASS = user
 
# environment
 
XDG_SESSION_TYPE = x11
 
# environment
 
VSCODE_LOG_NATIVE = false
 
# environment
 
NVM_INC = /home/maurycyt/.nvm/versions/node/v16.14.0/include/node
 
# automatic
 
?D = $(patsubst %/,%,$(dir $?))
 
# environment
 
IM_CONFIG_PHASE = 1
 
# automatic
 
@D = $(patsubst %/,%,$(dir $@))
 
# environment
 
XAUTHORITY = /run/user/1000/gdm/Xauthority
 
# environment
 
GDMSESSION = ubuntu
 
# environment
 
XMODIFIERS = @im=ibus
 
# makefile
 
CURDIR := /home/maurycyt/Documents/SiK/robots
 
# makefile
 
SHELL = /bin/sh
 
# environment
 
VSCODE_NLS_CONFIG = {"locale":"en-gb","availableLanguages":{},"_languagePackSupport":true}
 
# environment
 
_ = /usr/share/code/code
 
# environment
JOURNAL_STREAM = 8:53780
# environment
XDG_CONFIG_DIRS = /etc/xdg/xdg-ubuntu:/etc/xdg
# makefile (from 'makefile', line 1)
MAKEFILE_LIST :=  makefile
# environment
JAVA_HOME = /usr/lib/jvm/java-17-openjdk-amd64
# automatic
@F = $(notdir $@)
# environment
GIO_LAUNCHED_DESKTOP_FILE = /usr/share/applications/code.desktop
# environment
USERNAME = maurycyt
# environment
MAKELEVEL := 0
# environment
MANDATORY_PATH = /usr/share/gconf/ubuntu.mandatory.path
# environment
XDG_DATA_DIRS = /usr/share/ubuntu:/usr/local/share/:/usr/share/:/var/lib/snapd/desktop
# environment
DBUS_SESSION_BUS_ADDRESS = unix:path=/run/user/1000/bus
# environment
VSCODE_VERBOSE_LOGGING = true
# environment
PATH_TO_FX = /usr/lib/javafx/javafx-sdk-17.0.2
# environment
MANAGERPID = 1808
# environment
LESSOPEN = | /usr/bin/lesspipe %s
# environment
LC_NAME = en_GB.UTF-8
# environment
VSCODE_CWD = /home/maurycyt
# default
MAKE_HOST := x86_64-pc-linux-gnu
# environment
PATH = /home/maurycyt/.local/bin:/home/maurycyt/.nvm/versions/node/v16.14.0/bin:/home/maurycyt/.local/bin:/home/maurycyt/.local/bin:/usr/local/sbin:/usr/local/bin:/usr/sbin:/usr/bin:/sbin:/bin:/usr/games:/usr/local/games:/snap/bin:/home/maurycyt/.local/share/coursier/bin:/usr/lib/jvm/java-17-openjdk-amd64/bin:/home/maurycyt/.local/share/coursier/bin:/usr/lib/jvm/java-17-openjdk-amd64/bin
# environment
GPG_AGENT_INFO = /run/user/1000/gnupg/S.gpg-agent:0:1
# environment
GJS_DEBUG_OUTPUT = stderr
# environment
SESSION_MANAGER = local/MaurycompU:@/tmp/.ICE-unix/2028,unix/MaurycompU:/tmp/.ICE-unix/2028
# environment
XDG_RUNTIME_DIR = /run/user/1000
# environment
NVM_BIN = /home/maurycyt/.nvm/versions/node/v16.14.0/bin
# environment
XDG_MENU_PREFIX = gnome-
# environment
VSCODE_LOG_STACK = false
# environment
ELECTRON_RUN_AS_NODE = 1
# environment
INVOCATION_ID = 6375dec241d941e6a55e788befd53ae7
# default
.FEATURES := target-specific order-only second-expansion else-if shortest-stem undefine oneshell archives jobserver output-sync check-symlink load
# environment
LS_COLORS = 
# environment
XDG_SESSION_DESKTOP = ubuntu
# environment
SSH_AUTH_SOCK = /run/user/1000/keyring/ssh
# environment
GIO_LAUNCHED_DESKTOP_FILE_PID = 13330
# automatic
%F = $(notdir $%)
# environment
DISPLAY = :0
# environment
VSCODE_PIPE_LOGGING = true
# environment
PWD = /home/maurycyt/Documents/SiK/robots
# default
.LOADED := 
# environment
SSH_AGENT_PID = 1989
# environment
ORIGINAL_XDG_CURRENT_DESKTOP = ubuntu:GNOME
# environment
GTK_MODULES = gail:atk-bridge
# environment
VSCODE_AMD_ENTRYPOINT = vs/workbench/api/node/extensionHostProcess
# environment
HOME = /home/maurycyt
# environment
LESSCLOSE = /usr/bin/lesspipe %s %s
# environment
VSCODE_CODE_CACHE_PATH = /home/maurycyt/.config/Code/CachedData/da15b6fd3ef856477bf6f4fb29ba1b7af717770d
# environment
LOGNAME = maurycyt
# environment
APPLICATION_INSIGHTS_NO_DIAGNOSTIC_CHANNEL = 1
# environment
NVM_CD_FLAGS = 
# automatic
+F = $(notdir $+)
# environment
VSCODE_HANDLES_UNCAUGHT_ERRORS = true
# environment
GNOME_DESKTOP_SESSION_ID = this-is-deprecated
# automatic
^D = $(patsubst %/,%,$(dir $^))
# environment
LC_TIME = en_GB.UTF-8
# default
MAKE = $(MAKE_COMMAND)
# default
MAKECMDGOALS := all
# environment
QT_IM_MODULE = ibus
# environment
SHLVL = 0
# makefile (from 'makefile', line 2)
CXX_FLAGS = -g -std=gnu++20 -Wall -Wextra -Wconversion -Wshadow -Werror -O2
# environment
GNOME_SHELL_SESSION_MODE = ubuntu
# environment
 
VSCODE_IPC_HOOK_EXTHOST = /run/user/1000/vscode-ipc-2bbd4edc-a735-41f4-8a32-552147f96ff1.sock
# default
MAKE_VERSION := 4.2.1
# environment
USER = maurycyt
# environment
LC_MONETARY = en_GB.UTF-8
# makefile
.DEFAULT_GOAL := all
# environment
XDG_CURRENT_DESKTOP = Unity
# automatic
%D = $(patsubst %/,%,$(dir $%))
# environment
LC_TELEPHONE = en_GB.UTF-8
# makefile (from 'makefile', line 3)
LINKS = -lboost_program_options -pthread
# default
MAKE_COMMAND := make
# default
.VARIABLES := 
# automatic
*F = $(notdir $*)
# environment
LANGUAGE = en_GB:en
# environment
VSCODE_IPC_HOOK = /run/user/1000/vscode-c33fbc98-1.67.1-main.sock
# makefile
MAKEFLAGS = pqrR
# environment
MFLAGS = -pqrR
# automatic
*D = $(patsubst %/,%,$(dir $*))
# environment
NVM_DIR = /home/maurycyt/.nvm
# automatic
+D = $(patsubst %/,%,$(dir $+))
# environment
GDK_BACKEND = x11
# environment
LC_PAPER = en_GB.UTF-8
# environment
QT_ACCESSIBILITY = 1
# environment
DEFAULTS_PATH = /usr/share/gconf/ubuntu.default.path
# default
MAKEFILES := 
# environment
LC_NUMERIC = en_GB.UTF-8
# automatic
<F = $(notdir $<)
# makefile (from 'makefile', line 1)
CXX = g++
# environment
LC_MEASUREMENT = en_GB.UTF-8
# environment
LC_ALL = C
# environment
GJS_DEBUG_TOPICS = JS ERROR;JS LOG
# automatic
^F = $(notdir $^)
# default
SUFFIXES := 
# environment
CHROME_DESKTOP = code-url-handler.desktop
# environment
WINDOWPATH = 2
# default
.INCLUDE_DIRS = /usr/include /usr/local/include /usr/include
# environment
LC_IDENTIFICATION = en_GB.UTF-8
# default
.RECIPEPREFIX := 
# environment
LC_ADDRESS = en_GB.UTF-8
# environment
LANG = C
# environment
VSCODE_PID = 13330
# variable set hash-table stats:
# Load=119/1024=12%, Rehash=0, Collisions=19/150=13%

# Pattern-specific Variable Values

# No pattern-specific variable values.

# Directories

# . (device 66309, inode 5254757): 17 files, no impossibilities.

# 17 files, no impossibilities in 1 directories.

# Implicit Rules

# No implicit rules.

# Files

all,:
#  Phony target (prerequisite of .PHONY).
#  Implicit rule search has not been done.
#  File does not exist.
#  File has not been updated.

# Not a target:
robots-client.cpp:
#  Implicit rule search has been done.
#  Last modified 2022-05-15 21:01:07.697266579
#  File has been updated.
#  Successfully updated.

all: robots-client robots-server
#  Command line target.
#  Implicit rule search has been done.
#  File does not exist.
#  File has been updated.
#  Needs to be updated (-q is set).
# variable set hash-table stats:
# Load=0/32=0%, Rehash=0, Collisions=0/6=0%

.PHONY: all, clean, format
#  Implicit rule search has not been done.
#  Modification time never checked.
#  File has not been updated.

# Not a target:
.SUFFIXES:
#  Implicit rule search has not been done.
#  Modification time never checked.
#  File has not been updated.

# Not a target:
utils.h:
#  Implicit rule search has been done.
#  Last modified 2022-05-15 19:22:45.460117445
#  File has been updated.
#  Successfully updated.

format:
#  Phony target (prerequisite of .PHONY).
#  Implicit rule search has not been done.
#  File does not exist.
#  File has not been updated.
#  recipe to execute (from 'makefile', line 25):
	clang-format -i -style=file *.h *.cpp

# Not a target:
robots-server.cpp:
#  Implicit rule search has not been done.
#  Modification time never checked.
#  File has not been updated.

# Not a target:
options.h:
#  Implicit rule search has been done.
#  Last modified 2022-05-15 20:58:24.346295575
#  File has been updated.
#  Successfully updated.

# Not a target:
makefile:
#  Implicit rule search has been done.
#  Last modified 2022-05-15 21:00:55.729048463
#  File has been updated.
#  Successfully updated.

robots-client.o: robots-client.cpp options.h utils.h
#  Implicit rule search has not been done.
#  Implicit/static pattern stem: ''
#  Last modified 2022-05-15 19:48:16.581411555
#  File has been updated.
#  Needs to be updated (-q is set).
# automatic
# @ := robots-client.o
# automatic
# % := 
# automatic
# * := 
# automatic
# + := robots-client.cpp options.h utils.h
# automatic
# | := 
# automatic
# < := robots-client.cpp
# automatic
# ^ := robots-client.cpp options.h utils.h
# automatic
# ? := robots-client.cpp options.h
# variable set hash-table stats:
# Load=8/32=25%, Rehash=0, Collisions=3/16=19%
#  recipe to execute (from 'makefile', line 16):
	$(CXX) -c $(CXX_FLAGS) $< $(LINKS) -o $@

robots-client: robots-client.o
#  Implicit rule search has not been done.
#  Last modified 2022-05-15 19:48:16.741414612
#  File has been updated.
#  Needs to be updated (-q is set).
# variable set hash-table stats:
# Load=0/32=0%, Rehash=0, Collisions=0/6=0%
#  recipe to execute (from 'makefile', line 10):
	$(CXX) $(CXX_FLAGS) $< $(LINKS) -o $@

# Not a target:
.DEFAULT:
#  Implicit rule search has not been done.
#  Modification time never checked.
#  File has not been updated.

clean,:
#  Phony target (prerequisite of .PHONY).
#  Implicit rule search has not been done.
#  File does not exist.
#  File has not been updated.

clean:
#  Implicit rule search has not been done.
#  Modification time never checked.
#  File has not been updated.
#  recipe to execute (from 'makefile', line 22):
	rm -f robots-client robots-server *.o

robots-server.o: robots-server.cpp options.h utils.h
#  Implicit rule search has not been done.
#  Modification time never checked.
#  File has not been updated.
#  recipe to execute (from 'makefile', line 19):
	$(CXX) -c $(CXX_FLAGS) $< $(LINKS) -o $@

robots-server: robots-server.o
#  Implicit rule search has not been done.
#  Modification time never checked.
#  File has not been updated.
#  recipe to execute (from 'makefile', line 13):
	$(CXX) $(CXX_FLAGS) $< $(LINKS) -o $@

# files hash-table stats:
# Load=17/1024=2%, Rehash=0, Collisions=0/47=0%
# VPATH Search Paths

# No 'vpath' search paths.

# No general ('VPATH' variable) search path.

# strcache buffers: 1 (0) / strings = 27 / storage = 262 B / avg = 9 B
# current buf: size = 8162 B / used = 262 B / count = 27 / avg = 9 B

# strcache performance: lookups = 56 / hit rate = 51%
# hash-table stats:
# Load=27/8192=0%, Rehash=0, Collisions=1/56=2%
# Finished Make data base on Sun May 15 21:01:07 2022

 
